Line 14: Class TabDlg.SSTab of control SSTab1 was not a loaded control class.
Line 20: The property name _ExtentX in SSTab1 is invalid.
Line 21: The property name _ExtentY in SSTab1 is invalid.
Line 22: The property name _Version in SSTab1 is invalid.
Line 23: The property name Tabs in SSTab1 is invalid.
Line 24: The property name Tab in SSTab1 is invalid.
Line 25: The property name TabsPerRow in SSTab1 is invalid.
Line 26: The property name TabHeight in SSTab1 is invalid.
Line 27: The property name TabCaption(0) in SSTab1 is invalid.
Line 28: The property name TabPicture(0) in SSTab1 is invalid.
Line 29: The property name Tab(0).ControlEnabled in SSTab1 is invalid.
Line 30: The property name Tab(0).Control(0) in SSTab1 is invalid.
Line 31: The property name Tab(0).Control(1) in SSTab1 is invalid.
Line 32: The property name Tab(0).Control(2) in SSTab1 is invalid.
Line 33: The property name Tab(0).Control(3) in SSTab1 is invalid.
Line 34: The property name Tab(0).Control(4) in SSTab1 is invalid.
Line 35: The property name Tab(0).Control(5) in SSTab1 is invalid.
Line 36: The property name Tab(0).Control(6) in SSTab1 is invalid.
Line 37: The property name Tab(0).Control(7) in SSTab1 is invalid.
Line 38: The property name Tab(0).Control(8) in SSTab1 is invalid.
Line 39: The property name Tab(0).Control(9) in SSTab1 is invalid.
Line 40: The property name Tab(0).Control(10) in SSTab1 is invalid.
Line 41: The property name Tab(0).Control(11) in SSTab1 is invalid.
Line 42: The property name Tab(0).Control(12) in SSTab1 is invalid.
Line 43: The property name Tab(0).Control(13) in SSTab1 is invalid.
Line 44: The property name Tab(0).Control(14) in SSTab1 is invalid.
Line 45: The property name Tab(0).Control(15) in SSTab1 is invalid.
Line 46: The property name Tab(0).Control(16) in SSTab1 is invalid.
Line 47: The property name Tab(0).Control(17) in SSTab1 is invalid.
Line 48: The property name Tab(0).ControlCount in SSTab1 is invalid.
Line 49: The property name TabCaption(1) in SSTab1 is invalid.
Line 50: The property name TabPicture(1) in SSTab1 is invalid.
Line 51: The property name Tab(1).ControlEnabled in SSTab1 is invalid.
Line 52: The property name Tab(1).Control(0) in SSTab1 is invalid.
Line 53: The property name Tab(1).Control(0).Enabled in SSTab1 is invalid.
Line 54: The property name Tab(1).Control(1) in SSTab1 is invalid.
Line 55: The property name Tab(1).Control(1).Enabled in SSTab1 is invalid.
Line 56: The property name Tab(1).Control(2) in SSTab1 is invalid.
Line 57: The property name Tab(1).Control(2).Enabled in SSTab1 is invalid.
Line 58: The property name Tab(1).Control(3) in SSTab1 is invalid.
Line 59: The property name Tab(1).Control(3).Enabled in SSTab1 is invalid.
Line 60: The property name Tab(1).Control(4) in SSTab1 is invalid.
Line 61: The property name Tab(1).Control(4).Enabled in SSTab1 is invalid.
Line 62: The property name Tab(1).Control(5) in SSTab1 is invalid.
Line 63: The property name Tab(1).Control(5).Enabled in SSTab1 is invalid.
Line 64: The property name Tab(1).Control(6) in SSTab1 is invalid.
Line 65: The property name Tab(1).Control(6).Enabled in SSTab1 is invalid.
Line 66: The property name Tab(1).Control(7) in SSTab1 is invalid.
Line 67: The property name Tab(1).Control(7).Enabled in SSTab1 is invalid.
Line 68: The property name Tab(1).Control(8) in SSTab1 is invalid.
Line 69: The property name Tab(1).Control(8).Enabled in SSTab1 is invalid.
Line 70: The property name Tab(1).Control(9) in SSTab1 is invalid.
Line 71: The property name Tab(1).Control(9).Enabled in SSTab1 is invalid.
Line 72: The property name Tab(1).Control(10) in SSTab1 is invalid.
Line 73: The property name Tab(1).Control(10).Enabled in SSTab1 is invalid.
Line 74: The property name Tab(1).Control(11) in SSTab1 is invalid.
Line 75: The property name Tab(1).Control(11).Enabled in SSTab1 is invalid.
Line 76: The property name Tab(1).Control(12) in SSTab1 is invalid.
Line 77: The property name Tab(1).Control(12).Enabled in SSTab1 is invalid.
Line 78: The property name Tab(1).Control(13) in SSTab1 is invalid.
Line 79: The property name Tab(1).Control(13).Enabled in SSTab1 is invalid.
Line 80: The property name Tab(1).Control(14) in SSTab1 is invalid.
Line 81: The property name Tab(1).Control(14).Enabled in SSTab1 is invalid.
Line 82: The property name Tab(1).Control(15) in SSTab1 is invalid.
Line 83: The property name Tab(1).Control(15).Enabled in SSTab1 is invalid.
Line 84: The property name Tab(1).Control(16) in SSTab1 is invalid.
Line 85: The property name Tab(1).Control(16).Enabled in SSTab1 is invalid.
Line 86: The property name Tab(1).Control(17) in SSTab1 is invalid.
Line 87: The property name Tab(1).Control(17).Enabled in SSTab1 is invalid.
Line 88: The property name Tab(1).ControlCount in SSTab1 is invalid.
